<?xml version="1.0" encoding="UTF-8"?>
<!-- Generated by org.testng.reporters.JUnitReportReporter -->
<testsuite hostname="IP-MTY-DANIELM" failures="0" tests="1" name="com.coursetune.tests.CourseTuneTest" time="9.958" errors="0" timestamp="2022-06-14T11:26:09 CDT" skipped="0">
  <testcase classname="com.coursetune.tests.CourseTuneTest" name="TestLogin" time="9.958"/>
  <system-out/>
</testsuite> <!-- com.coursetune.tests.CourseTuneTest -->
